Found 50 compliance tests
============================================================
\nRunning rv32ui-p-add...
  ✓ PASSED
\nRunning rv32ui-p-addi...
  ✓ PASSED
\nRunning rv32ui-p-and...
  Failed with code: 9
  ✗ FAILED
\nRunning rv32ui-p-andi...
  ✓ PASSED
\nRunning rv32ui-p-auipc...
  ✓ PASSED
\nRunning rv32ui-p-beq...
  ✓ PASSED
\nRunning rv32ui-p-bge...
  ✓ PASSED
\nRunning rv32ui-p-bgeu...
  ✓ PASSED
\nRunning rv32ui-p-blt...
  ✓ PASSED
\nRunning rv32ui-p-bltu...
  ✓ PASSED
\nRunning rv32ui-p-bne...
  ✓ PASSED
\nRunning rv32ui-p-fence_i...
  Timeout
  ✗ FAILED
\nRunning rv32ui-p-jal...
  ✓ PASSED
\nRunning rv32ui-p-jalr...
  ✓ PASSED
\nRunning rv32ui-p-lb...
  Timeout
  ✗ FAILED
\nRunning rv32ui-p-lbu...
  Timeout
  ✗ FAILED
\nRunning rv32ui-p-ld_st...
  Timeout
  ✗ FAILED
\nRunning rv32ui-p-lh...
  Timeout
  ✗ FAILED
\nRunning rv32ui-p-lhu...
  Timeout
  ✗ FAILED
\nRunning rv32ui-p-lui...
  ✓ PASSED
\nRunning rv32ui-p-lw...
  Failed with code: 3
  ✗ FAILED
\nRunning rv32ui-p-ma_data...
  Timeout
  ✗ FAILED
\nRunning rv32ui-p-or...
  Failed with code: 9
  ✗ FAILED
\nRunning rv32ui-p-ori...
  ✓ PASSED
\nRunning rv32ui-p-sb...
  Timeout
  ✗ FAILED
\nRunning rv32ui-p-sh...
  Timeout
  ✗ FAILED
\nRunning rv32ui-p-simple...
  ✓ PASSED
\nRunning rv32ui-p-sll...
  ✓ PASSED
\nRunning rv32ui-p-slli...
  ✓ PASSED
\nRunning rv32ui-p-slt...
  ✓ PASSED
\nRunning rv32ui-p-slti...
  ✓ PASSED
\nRunning rv32ui-p-sltiu...
  ✓ PASSED
\nRunning rv32ui-p-sltu...
  ✓ PASSED
\nRunning rv32ui-p-sra...
  Failed with code: 13
  ✗ FAILED
\nRunning rv32ui-p-srai...
  Failed with code: 13
  ✗ FAILED
\nRunning rv32ui-p-srl...
  Failed with code: 26
  ✗ FAILED
\nRunning rv32ui-p-srli...
  Failed with code: 19
  ✗ FAILED
\nRunning rv32ui-p-st_ld...
  Timeout
  ✗ FAILED
\nRunning rv32ui-p-sub...
  ✓ PASSED
\nRunning rv32ui-p-sw...
  Failed with code: 3
  ✗ FAILED
\nRunning rv32ui-p-xor...
  Failed with code: 9
  ✗ FAILED
\nRunning rv32ui-p-xori...
  ✓ PASSED
\nRunning rv32um-p-div...
  Failed with code: 2
  ✗ FAILED
\nRunning rv32um-p-divu...
  Failed with code: 2
  ✗ FAILED
\nRunning rv32um-p-mul...
  Failed with code: 32
  ✗ FAILED
\nRunning rv32um-p-mulh...
  Failed with code: 7
  ✗ FAILED
\nRunning rv32um-p-mulhsu...
  Failed with code: 7
  ✗ FAILED
\nRunning rv32um-p-mulhu...
  Failed with code: 7
  ✗ FAILED
\nRunning rv32um-p-rem...
  Failed with code: 2
  ✗ FAILED
\nRunning rv32um-p-remu...
  Failed with code: 2
  ✗ FAILED
\n============================================================
Results: 23 passed, 27 failed, 50 total
Pass rate: 46.0%
